<?xml version="1.0" encoding="UTF-8"?>
<testsuite xmlns:xsi="http://www.w3.org/2001/XMLSchema-instance" xsi:noNamespaceSchemaLocation="https://maven.apache.org/surefire/maven-surefire-plugin/xsd/surefire-test-report-3.0.xsd" version="3.0" name="cucumber.Options.TestRunner" time="6.28" tests="3" errors="0" skipped="0" failures="0">
  <properties>
[...]
</properties>
  <testcase name="Verify if place is being added  successfully using AddPlaceAPI" classname="Validating place API&apos;s" time="4.229"/>
  <testcase name="Verify if place is being added  successfully using AddPlaceAPI" classname="Validating place API&apos;s" time="0.849"/>
  <testcase name="Verify if delete place functionality is working" classname="Validating place API&apos;s" time="0.77"/>
</testsuite>